TN:
SF:src\modules\appointments\services\CreateAppointmentService.ts
FN:12,(anonymous_18)
FN:13,CreateAppointmentService
FN:18,(anonymous_20)
FNF:3
FNH:3
FNDA:1,(anonymous_18)
FNDA:1,CreateAppointmentService
FNDA:1,(anonymous_20)
DA:1,1
DA:2,1
DA:4,1
DA:12,1
DA:15,1
DA:18,1
DA:19,1
DA:21,1
DA:23,1
DA:24,0
DA:27,1
DA:32,1
DA:34,1
DA:36,1
LF:14
LH:13
BRDA:23,0,0,0
BRDA:23,0,1,1
BRF:2
BRH:1
end_of_record
TN:
SF:src\modules\users\services\AuthenticateUserService.ts
FN:21,(anonymous_18)
FN:22,AuthenticateUserService
FN:27,(anonymous_20)
FNF:3
FNH:3
FNDA:1,(anonymous_18)
FNDA:3,AuthenticateUserService
FNDA:3,(anonymous_20)
DA:1,1
DA:2,1
DA:3,1
DA:4,1
DA:21,1
DA:23,3
DA:24,3
DA:27,3
DA:28,3
DA:30,3
DA:31,1
DA:34,2
DA:36,2
DA:37,1
DA:40,1
DA:42,1
DA:47,1
DA:49,1
DA:51,1
LF:19
LH:19
BRDA:28,0,0,3
BRDA:30,1,0,1
BRDA:30,1,1,2
BRDA:36,2,0,1
BRDA:36,2,1,1
BRF:5
BRH:5
end_of_record
TN:
SF:src\modules\users\services\CreateUserService.ts
FN:14,(anonymous_18)
FN:15,CreateUserService
FN:20,(anonymous_20)
FNF:3
FNH:3
FNDA:2,(anonymous_18)
FNDA:4,CreateUserService
FNDA:5,(anonymous_20)
DA:1,2
DA:2,2
DA:14,2
DA:16,4
DA:17,4
DA:20,5
DA:21,5
DA:23,5
DA:24,1
DA:27,4
DA:29,4
DA:35,4
DA:37,2
DA:39,2
LF:14
LH:14
BRDA:21,0,0,5
BRDA:23,1,0,1
BRDA:23,1,1,4
BRF:3
BRH:3
end_of_record
TN:
SF:src\modules\users\services\UpdateUserAvatarService.ts
FN:16,(anonymous_18)
FN:17,UpdateUserAvatarService
FN:19,(anonymous_20)
FNF:3
FNH:0
FNDA:0,(anonymous_18)
FNDA:0,UpdateUserAvatarService
FNDA:0,(anonymous_20)
DA:1,0
DA:2,0
DA:3,0
DA:4,0
DA:6,0
DA:16,0
DA:17,0
DA:19,0
DA:20,0
DA:22,0
DA:23,0
DA:26,0
DA:28,0
DA:29,0
DA:31,0
DA:33,0
DA:37,0
DA:39,0
DA:40,0
DA:42,0
DA:44,0
DA:46,0
LF:22
LH:0
BRDA:20,0,0,0
BRDA:22,1,0,0
BRDA:22,1,1,0
BRDA:26,2,0,0
BRDA:26,2,1,0
BRDA:31,3,0,0
BRDA:31,3,1,0
BRF:7
BRH:0
end_of_record
